<?xml version="1.0" encoding="UTF-8"?>
<coverage generated="1715721325800" clover="3.2.0">
  <project timestamp="1715721325800" name="All files">
    <metrics statements="54" coveredstatements="22" conditionals="8" coveredconditionals="1" methods="7" coveredmethods="3" elements="69" coveredelements="26" complexity="0" loc="54" ncloc="54" packages="1" files="1" classes="1"/>
    <file name="DeclaracaoService.ts" path="C:\Users\zerob\Desktop\inbcm\inbcm-backend-upload\service\DeclaracaoService.ts">
      <metrics statements="54" coveredstatements="22" conditionals="8" coveredconditionals="1" methods="7" coveredmethods="3"/>
      <line num="1" count="1" type="stmt"/>
      <line num="2" count="1" type="stmt"/>
      <line num="7" count="2" type="stmt"/>
      <line num="9" count="2" type="stmt"/>
      <line num="12" count="2" type="stmt"/>
      <line num="21" count="1" type="stmt"/>
      <line num="23" count="1" type="stmt"/>
      <line num="29" count="0" type="stmt"/>
      <line num="31" count="0" type="stmt"/>
      <line num="35" count="0" type="stmt"/>
      <line num="36" count="0" type="stmt"/>
      <line num="37" count="0" type="cond" truecount="0" falsecount="1"/>
      <line num="38" count="0" type="stmt"/>
      <line num="42" count="0" type="cond" truecount="0" falsecount="1"/>
      <line num="43" count="0" type="stmt"/>
      <line num="45" count="0" type="cond" truecount="0" falsecount="1"/>
      <line num="46" count="0" type="stmt"/>
      <line num="48" count="0" type="cond" truecount="0" falsecount="1"/>
      <line num="49" count="0" type="stmt"/>
      <line num="52" count="0" type="stmt"/>
      <line num="53" count="0" type="stmt"/>
      <line num="55" count="0" type="stmt"/>
      <line num="61" count="8" type="stmt"/>
      <line num="62" count="8" type="stmt"/>
      <line num="63" count="8" type="cond" truecount="1" falsecount="0"/>
      <line num="64" count="3" type="stmt"/>
      <line num="67" count="5" type="stmt"/>
      <line num="68" count="5" type="stmt"/>
      <line num="69" count="3" type="stmt"/>
      <line num="71" count="5" type="stmt"/>
      <line num="76" count="0" type="stmt"/>
      <line num="77" count="0" type="stmt"/>
      <line num="78" count="0" type="cond" truecount="0" falsecount="1"/>
      <line num="79" count="0" type="stmt"/>
      <line num="81" count="0" type="stmt"/>
      <line num="82" count="0" type="stmt"/>
      <line num="83" count="0" type="stmt"/>
      <line num="85" count="0" type="stmt"/>
      <line num="90" count="1" type="stmt"/>
      <line num="91" count="1" type="stmt"/>
      <line num="92" count="1" type="cond" truecount="0" falsecount="1"/>
      <line num="93" count="0" type="stmt"/>
      <line num="95" count="1" type="stmt"/>
      <line num="96" count="1" type="stmt"/>
      <line num="97" count="0" type="stmt"/>
      <line num="99" count="1" type="stmt"/>
      <line num="104" count="0" type="stmt"/>
      <line num="106" count="0" type="stmt"/>
      <line num="109" count="0" type="cond" truecount="0" falsecount="1"/>
      <line num="110" count="0" type="stmt"/>
      <line num="114" count="0" type="stmt"/>
      <line num="115" count="0" type="stmt"/>
      <line num="117" count="0" type="stmt"/>
      <line num="126" count="1" type="stmt"/>
    </file>
  </project>
</coverage>
