{"C:\\Users\\zerob\\Desktop\\inbcm\\inbcm-backend-upload\\service\\DeclaracaoService.ts": {"path":"C:\\Users\\zerob\\Desktop\\inbcm\\inbcm-backend-upload\\service\\DeclaracaoService.ts","statementMap":{"0":{"start":{"line":1,"column":0},"end":{"line":1,"column":28}},"1":{"start":{"line":2,"column":0},"end":{"line":2,"column":47}},"2":{"start":{"line":7,"column":4},"end":{"line":24,"column":5}},"3":{"start":{"line":9,"column":29},"end":{"line":9,"column":70}},"4":{"start":{"line":12,"column":29},"end":{"line":19,"column":8}},"5":{"start":{"line":21,"column":6},"end":{"line":21,"column":28}},"6":{"start":{"line":23,"column":6},"end":{"line":23,"column":68}},"7":{"start":{"line":29,"column":32},"end":{"line":29,"column":76}},"8":{"start":{"line":31,"column":4},"end":{"line":31,"column":31}},"9":{"start":{"line":35,"column":4},"end":{"line":56,"column":5}},"10":{"start":{"line":36,"column":25},"end":{"line":36,"column":69}},"11":{"start":{"line":37,"column":6},"end":{"line":39,"column":7}},"12":{"start":{"line":38,"column":8},"end":{"line":38,"column":78}},"13":{"start":{"line":42,"column":6},"end":{"line":44,"column":7}},"14":{"start":{"line":43,"column":8},"end":{"line":43,"column":61}},"15":{"start":{"line":45,"column":6},"end":{"line":47,"column":7}},"16":{"start":{"line":46,"column":8},"end":{"line":46,"column":63}},"17":{"start":{"line":48,"column":6},"end":{"line":50,"column":7}},"18":{"start":{"line":49,"column":8},"end":{"line":49,"column":59}},"19":{"start":{"line":52,"column":6},"end":{"line":52,"column":30}},"20":{"start":{"line":53,"column":6},"end":{"line":53,"column":24}},"21":{"start":{"line":55,"column":6},"end":{"line":55,"column":94}},"22":{"start":{"line":61,"column":4},"end":{"line":72,"column":5}},"23":{"start":{"line":62,"column":25},"end":{"line":62,"column":69}},"24":{"start":{"line":63,"column":6},"end":{"line":65,"column":7}},"25":{"start":{"line":64,"column":8},"end":{"line":64,"column":78}},"26":{"start":{"line":67,"column":6},"end":{"line":67,"column":85}},"27":{"start":{"line":68,"column":6},"end":{"line":68,"column":30}},"28":{"start":{"line":69,"column":6},"end":{"line":69,"column":24}},"29":{"start":{"line":71,"column":6},"end":{"line":71,"column":81}},"30":{"start":{"line":76,"column":4},"end":{"line":86,"column":5}},"31":{"start":{"line":77,"column":25},"end":{"line":77,"column":69}},"32":{"start":{"line":78,"column":6},"end":{"line":80,"column":7}},"33":{"start":{"line":79,"column":8},"end":{"line":79,"column":78}},"34":{"start":{"line":81,"column":6},"end":{"line":81,"column":88}},"35":{"start":{"line":82,"column":6},"end":{"line":82,"column":30}},"36":{"start":{"line":83,"column":6},"end":{"line":83,"column":24}},"37":{"start":{"line":85,"column":6},"end":{"line":85,"column":81}},"38":{"start":{"line":90,"column":4},"end":{"line":100,"column":5}},"39":{"start":{"line":91,"column":25},"end":{"line":91,"column":69}},"40":{"start":{"line":92,"column":6},"end":{"line":94,"column":7}},"41":{"start":{"line":93,"column":8},"end":{"line":93,"column":78}},"42":{"start":{"line":95,"column":6},"end":{"line":95,"column":82}},"43":{"start":{"line":96,"column":6},"end":{"line":96,"column":30}},"44":{"start":{"line":97,"column":6},"end":{"line":97,"column":24}},"45":{"start":{"line":99,"column":6},"end":{"line":99,"column":81}},"46":{"start":{"line":104,"column":4},"end":{"line":118,"column":5}},"47":{"start":{"line":106,"column":25},"end":{"line":106,"column":80}},"48":{"start":{"line":109,"column":6},"end":{"line":111,"column":7}},"49":{"start":{"line":110,"column":8},"end":{"line":110,"column":98}},"50":{"start":{"line":114,"column":6},"end":{"line":114,"column":37}},"51":{"start":{"line":115,"column":6},"end":{"line":115,"column":30}},"52":{"start":{"line":117,"column":6},"end":{"line":117,"column":84}},"53":{"start":{"line":126,"column":0},"end":{"line":126,"column":33}}},"fnMap":{"0":{"name":"(anonymous_1)","decl":{"start":{"line":6,"column":2},"end":{"line":6,"column":7}},"loc":{"start":{"line":6,"column":45},"end":{"line":25,"column":3}}},"1":{"name":"(anonymous_2)","decl":{"start":{"line":27,"column":2},"end":{"line":27,"column":7}},"loc":{"start":{"line":27,"column":58},"end":{"line":32,"column":3}}},"2":{"name":"(anonymous_3)","decl":{"start":{"line":34,"column":2},"end":{"line":34,"column":7}},"loc":{"start":{"line":34,"column":77},"end":{"line":57,"column":3}}},"3":{"name":"(anonymous_4)","decl":{"start":{"line":60,"column":2},"end":{"line":60,"column":7}},"loc":{"start":{"line":60,"column":75},"end":{"line":73,"column":3}}},"4":{"name":"(anonymous_5)","decl":{"start":{"line":75,"column":2},"end":{"line":75,"column":7}},"loc":{"start":{"line":75,"column":77},"end":{"line":87,"column":3}}},"5":{"name":"(anonymous_6)","decl":{"start":{"line":89,"column":2},"end":{"line":89,"column":7}},"loc":{"start":{"line":89,"column":73},"end":{"line":101,"column":3}}},"6":{"name":"(anonymous_7)","decl":{"start":{"line":103,"column":2},"end":{"line":103,"column":7}},"loc":{"start":{"line":103,"column":91},"end":{"line":119,"column":3}}}},"branchMap":{"0":{"loc":{"start":{"line":37,"column":6},"end":{"line":39,"column":7}},"type":"if","locations":[{"start":{"line":37,"column":6},"end":{"line":39,"column":7}}]},"1":{"loc":{"start":{"line":42,"column":6},"end":{"line":44,"column":7}},"type":"if","locations":[{"start":{"line":42,"column":6},"end":{"line":44,"column":7}}]},"2":{"loc":{"start":{"line":45,"column":6},"end":{"line":47,"column":7}},"type":"if","locations":[{"start":{"line":45,"column":6},"end":{"line":47,"column":7}}]},"3":{"loc":{"start":{"line":48,"column":6},"end":{"line":50,"column":7}},"type":"if","locations":[{"start":{"line":48,"column":6},"end":{"line":50,"column":7}}]},"4":{"loc":{"start":{"line":63,"column":6},"end":{"line":65,"column":7}},"type":"if","locations":[{"start":{"line":63,"column":6},"end":{"line":65,"column":7}}]},"5":{"loc":{"start":{"line":78,"column":6},"end":{"line":80,"column":7}},"type":"if","locations":[{"start":{"line":78,"column":6},"end":{"line":80,"column":7}}]},"6":{"loc":{"start":{"line":92,"column":6},"end":{"line":94,"column":7}},"type":"if","locations":[{"start":{"line":92,"column":6},"end":{"line":94,"column":7}}]},"7":{"loc":{"start":{"line":109,"column":6},"end":{"line":111,"column":7}},"type":"if","locations":[{"start":{"line":109,"column":6},"end":{"line":111,"column":7}}]}},"s":{"0":1,"1":1,"2":2,"3":2,"4":2,"5":1,"6":1,"7":0,"8":0,"9":0,"10":0,"11":0,"12":0,"13":0,"14":0,"15":0,"16":0,"17":0,"18":0,"19":0,"20":0,"21":0,"22":8,"23":8,"24":8,"25":3,"26":5,"27":5,"28":3,"29":5,"30":0,"31":0,"32":0,"33":0,"34":0,"35":0,"36":0,"37":0,"38":1,"39":1,"40":1,"41":0,"42":1,"43":1,"44":0,"45":1,"46":0,"47":0,"48":0,"49":0,"50":0,"51":0,"52":0,"53":1},"f":{"0":2,"1":0,"2":0,"3":8,"4":0,"5":1,"6":0},"b":{"0":[0],"1":[0],"2":[0],"3":[0],"4":[3],"5":[0],"6":[0],"7":[0]}}
}
