TN:
SF:service\DeclaracaoService.ts
FN:6,(anonymous_1)
FN:27,(anonymous_2)
FN:34,(anonymous_3)
FN:60,(anonymous_4)
FN:75,(anonymous_5)
FN:89,(anonymous_6)
FN:103,(anonymous_7)
FNF:7
FNH:3
FNDA:2,(anonymous_1)
FNDA:0,(anonymous_2)
FNDA:0,(anonymous_3)
FNDA:8,(anonymous_4)
FNDA:0,(anonymous_5)
FNDA:1,(anonymous_6)
FNDA:0,(anonymous_7)
DA:1,1
DA:2,1
DA:7,2
DA:9,2
DA:12,2
DA:21,1
DA:23,1
DA:29,0
DA:31,0
DA:35,0
DA:36,0
DA:37,0
DA:38,0
DA:42,0
DA:43,0
DA:45,0
DA:46,0
DA:48,0
DA:49,0
DA:52,0
DA:53,0
DA:55,0
DA:61,8
DA:62,8
DA:63,8
DA:64,3
DA:67,5
DA:68,5
DA:69,3
DA:71,5
DA:76,0
DA:77,0
DA:78,0
DA:79,0
DA:81,0
DA:82,0
DA:83,0
DA:85,0
DA:90,1
DA:91,1
DA:92,1
DA:93,0
DA:95,1
DA:96,1
DA:97,0
DA:99,1
DA:104,0
DA:106,0
DA:109,0
DA:110,0
DA:114,0
DA:115,0
DA:117,0
DA:126,1
LF:54
LH:22
BRDA:37,0,0,0
BRDA:42,1,0,0
BRDA:45,2,0,0
BRDA:48,3,0,0
BRDA:63,4,0,3
BRDA:78,5,0,0
BRDA:92,6,0,0
BRDA:109,7,0,0
BRF:8
BRH:1
end_of_record
